43
59
57
56
55
59
57
57
59
58
56
43
34
46
40
49
34
52
46
52
52
48
41
41
52
41
43
44
52
48
40
62
57
56
58
57
57
58
58
53
56
57
56
57
57
57
58
59
49
39
43
34
28
52
62
56
59
58
58
53
57
58
53
37
42
48
46
55
62
58
60
58
58
59
53
57
57
58
52
50
43
38
47
40
56
61
58
57
57
59
58
57
58
52
58
99
61
60
30
26
54
57
58
54
57
60
49
42
52
49
44
61
58
57
56
59
58
56
57
56
58
58
58
57
52
59
57
57
61
48
43
50
45
37
33
36
27
43
46
56
62
58
57
59
56
57
59
55
57
58
57
56
58
54
58
59
49
40
44
49
48
29
62
60
58
25
25
58
25
26
38
